<?xml version="1.0" encoding="UTF-8"?>
<robot generator="Robot 3.2.2 (Python 3.9.1 on win32)" generated="20210218 23:43:10.958" rpa="false">
<suite id="s1" name="Tests" source="C:\cygwin64\home\testproject\Tests">
<suite id="s1-s1" name="Webtest" source="C:\cygwin64\home\testproject\Tests\webtest.robot">
<test id="s1-s1-t1" name="User can access website">
<kw name="Open Browser" library="SeleniumLibrary">
<doc>Opens a new browser instance to the optional ``url``.</doc>
<arguments>
<arg>about:blank</arg>
<arg>chrome</arg>
</arguments>
<msg timestamp="20210218 23:43:11.582" level="INFO">Opening browser 'chrome' to base url 'about:blank'.</msg>
<status status="PASS" starttime="20210218 23:43:11.582" endtime="20210218 23:43:15.453"></status>
</kw>
<kw name="Go To" library="SeleniumLibrary">
<doc>Navigates the current browser window to the provided ``url``.</doc>
<arguments>
<arg>https://www.willys.se/</arg>
</arguments>
<msg timestamp="20210218 23:43:15.460" level="INFO">Opening url 'https://www.willys.se/'</msg>
<status status="PASS" starttime="20210218 23:43:15.459" endtime="20210218 23:43:21.695"></status>
</kw>
<kw name="Wait Until Page Contains" library="SeleniumLibrary">
<doc>Waits until ``text`` appears on the current page.</doc>
<arguments>
<arg>Handla billig mat online</arg>
</arguments>
<status status="PASS" starttime="20210218 23:43:21.696" endtime="20210218 23:43:21.813"></status>
</kw>
<kw name="Close Browser" library="SeleniumLibrary">
<doc>Closes the current browser.</doc>
<status status="PASS" starttime="20210218 23:43:21.813" endtime="20210218 23:43:25.938"></status>
</kw>
<doc>This is some basic info about the test</doc>
<tags>
<tag>Test 1</tag>
</tags>
<status status="PASS" starttime="20210218 23:43:11.579" endtime="20210218 23:43:25.939" critical="yes"></status>
</test>
<doc>This is some basic infor about the whole test suite</doc>
<status status="PASS" starttime="20210218 23:43:11.010" endtime="20210218 23:43:25.943"></status>
</suite>
<status status="PASS" starttime="20210218 23:43:10.962" endtime="20210218 23:43:25.950"></status>
</suite>
<statistics>
<total>
<stat pass="1" fail="0">Critical Tests</stat>
<stat pass="1" fail="0">All Tests</stat>
</total>
<tag>
<stat pass="1" fail="0">Test 1</stat>
</tag>
<suite>
<stat pass="1" fail="0" id="s1" name="Tests">Tests</stat>
<stat pass="1" fail="0" id="s1-s1" name="Webtest">Tests.Webtest</stat>
</suite>
</statistics>
<errors>
</errors>
</robot>
