<?xml version="1.0" encoding="UTF-8"?>
<robot generator="Robot 3.2.2 (Python 3.9.1 on win32)" generated="20210219 01:06:19.564" rpa="false">
<suite id="s1" name="Tests" source="C:\cygwin64\home\testproject\Tests">
<suite id="s1-s1" name="Webtest" source="C:\cygwin64\home\testproject\Tests\webtest.robot">
<test id="s1-s1-t1" name="User can access website">
<kw name="Begin Web Test" type="setup">
<kw name="Open Browser" library="SeleniumLibrary">
<doc>Opens a new browser instance to the optional ``url``.</doc>
<arguments>
<arg>about:blank</arg>
<arg>chrome</arg>
</arguments>
<msg timestamp="20210219 01:06:20.032" level="INFO">Opening browser 'chrome' to base url 'about:blank'.</msg>
<status status="PASS" starttime="20210219 01:06:20.032" endtime="20210219 01:06:21.959"></status>
</kw>
<status status="PASS" starttime="20210219 01:06:20.031" endtime="20210219 01:06:21.959"></status>
</kw>
<kw name="Begin Web Test">
<kw name="Open Browser" library="SeleniumLibrary">
<doc>Opens a new browser instance to the optional ``url``.</doc>
<arguments>
<arg>about:blank</arg>
<arg>chrome</arg>
</arguments>
<msg timestamp="20210219 01:06:21.962" level="INFO">Opening browser 'chrome' to base url 'about:blank'.</msg>
<status status="PASS" starttime="20210219 01:06:21.962" endtime="20210219 01:06:23.667"></status>
</kw>
<status status="PASS" starttime="20210219 01:06:21.960" endtime="20210219 01:06:23.668"></status>
</kw>
<kw name="Go To Web Page">
<kw name="Load Page">
<kw name="Go To" library="SeleniumLibrary">
<doc>Navigates the current browser window to the provided ``url``.</doc>
<arguments>
<arg>https://www.willys.se/</arg>
</arguments>
<msg timestamp="20210219 01:06:23.670" level="INFO">Opening url 'https://www.willys.se/'</msg>
<status status="PASS" starttime="20210219 01:06:23.670" endtime="20210219 01:06:28.279"></status>
</kw>
<status status="PASS" starttime="20210219 01:06:23.669" endtime="20210219 01:06:28.280"></status>
</kw>
<kw name="Verify Page Loaded">
<kw name="Wait Until Page Contains" library="SeleniumLibrary">
<doc>Waits until ``text`` appears on the current page.</doc>
<arguments>
<arg>Handla billig mat online</arg>
</arguments>
<status status="PASS" starttime="20210219 01:06:28.281" endtime="20210219 01:06:30.012"></status>
</kw>
<status status="PASS" starttime="20210219 01:06:28.280" endtime="20210219 01:06:30.013"></status>
</kw>
<status status="PASS" starttime="20210219 01:06:23.668" endtime="20210219 01:06:30.013"></status>
</kw>
<kw name="Search For Product">
<kw name="Enter Search Term">
<kw name="Input Text" library="SeleniumLibrary">
<doc>Types the given ``text`` into the text field identified by ``locator``.</doc>
<arguments>
<arg>id=selenium--search-items-input</arg>
<arg>Felix</arg>
</arguments>
<msg timestamp="20210219 01:06:30.017" level="INFO">Typing text 'Felix' into text field 'id=selenium--search-items-input'.</msg>
<status status="PASS" starttime="20210219 01:06:30.016" endtime="20210219 01:06:30.800"></status>
</kw>
<status status="PASS" starttime="20210219 01:06:30.015" endtime="20210219 01:06:30.801"></status>
</kw>
<kw name="Submit Search">
<kw name="Press Keys" library="SeleniumLibrary">
<doc>Simulates the user pressing key(s) to an element or on the active browser.</doc>
<arguments>
<arg>xpath://*[@id="selenium--search-items-input"]</arg>
<arg>RETURN</arg>
</arguments>
<msg timestamp="20210219 01:06:30.804" level="INFO">Sending key(s) ('RETURN',) to xpath://*[@id="selenium--search-items-input"] element.</msg>
<msg timestamp="20210219 01:06:31.403" level="INFO">Pressing special key RETURN to element.</msg>
<msg timestamp="20210219 01:06:31.403" level="INFO">Releasing special key RETURN.</msg>
<status status="PASS" starttime="20210219 01:06:30.803" endtime="20210219 01:06:31.436"></status>
</kw>
<status status="PASS" starttime="20210219 01:06:30.801" endtime="20210219 01:06:31.437"></status>
</kw>
<kw name="Verify Search Completed">
<kw name="Wait Until Page Contains" library="SeleniumLibrary">
<doc>Waits until ``text`` appears on the current page.</doc>
<arguments>
<arg>Sökord:Felix</arg>
</arguments>
<kw name="Capture Page Screenshot" library="SeleniumLibrary">
<doc>Takes a screenshot of the current page and embeds it into a log file.</doc>
<msg timestamp="20210219 01:06:36.912" level="INFO" html="yes">&lt;/td&gt;&lt;/tr&gt;&lt;tr&gt;&lt;td colspan="3"&gt;&lt;a href="selenium-screenshot-4.png"&gt;&lt;img src="selenium-screenshot-4.png" width="800px"&gt;&lt;/a&gt;</msg>
<status status="PASS" starttime="20210219 01:06:36.512" endtime="20210219 01:06:36.912"></status>
</kw>
<msg timestamp="20210219 01:06:36.915" level="FAIL">Text 'Sökord:Felix' did not appear in 5 seconds.</msg>
<status status="FAIL" starttime="20210219 01:06:31.438" endtime="20210219 01:06:36.915"></status>
</kw>
<status status="FAIL" starttime="20210219 01:06:31.437" endtime="20210219 01:06:36.915"></status>
</kw>
<status status="FAIL" starttime="20210219 01:06:30.015" endtime="20210219 01:06:36.916"></status>
</kw>
<kw name="End Web Test" type="teardown">
<kw name="Close Browser" library="SeleniumLibrary">
<doc>Closes the current browser.</doc>
<status status="PASS" starttime="20210219 01:06:36.918" endtime="20210219 01:06:42.002"></status>
</kw>
<status status="PASS" starttime="20210219 01:06:36.917" endtime="20210219 01:06:42.003"></status>
</kw>
<doc>This is some basic info about the test</doc>
<tags>
<tag>Test 1</tag>
</tags>
<status status="FAIL" starttime="20210219 01:06:20.028" endtime="20210219 01:06:42.003" critical="yes">Text 'Sökord:Felix' did not appear in 5 seconds.</status>
</test>
<doc>This is some basic infor about the whole test suite</doc>
<status status="FAIL" starttime="20210219 01:06:19.622" endtime="20210219 01:06:42.007"></status>
</suite>
<status status="FAIL" starttime="20210219 01:06:19.567" endtime="20210219 01:06:42.010"></status>
</suite>
<statistics>
<total>
<stat pass="0" fail="1">Critical Tests</stat>
<stat pass="0" fail="1">All Tests</stat>
</total>
<tag>
<stat pass="0" fail="1">Test 1</stat>
</tag>
<suite>
<stat pass="0" fail="1" id="s1" name="Tests">Tests</stat>
<stat pass="0" fail="1" id="s1-s1" name="Webtest">Tests.Webtest</stat>
</suite>
</statistics>
<errors>
</errors>
</robot>
