<?xml version="1.0" encoding="UTF-8"?>
<robot generator="Robot 3.2.2 (Python 3.9.1 on win32)" generated="20210219 00:41:56.510" rpa="false">
<suite id="s1" name="Tests" source="C:\cygwin64\home\testproject\Tests">
<suite id="s1-s1" name="Webtest" source="C:\cygwin64\home\testproject\Tests\webtest.robot">
<test id="s1-s1-t1" name="User can access website">
<kw name="Open Browser" library="SeleniumLibrary">
<doc>Opens a new browser instance to the optional ``url``.</doc>
<arguments>
<arg>about:blank</arg>
<arg>chrome</arg>
</arguments>
<msg timestamp="20210219 00:41:56.917" level="INFO">Opening browser 'chrome' to base url 'about:blank'.</msg>
<status status="PASS" starttime="20210219 00:41:56.916" endtime="20210219 00:41:58.790"></status>
</kw>
<kw name="Go To" library="SeleniumLibrary">
<doc>Navigates the current browser window to the provided ``url``.</doc>
<arguments>
<arg>https://www.willys.se/</arg>
</arguments>
<msg timestamp="20210219 00:41:58.792" level="INFO">Opening url 'https://www.willys.se/'</msg>
<status status="PASS" starttime="20210219 00:41:58.792" endtime="20210219 00:42:04.281"></status>
</kw>
<kw name="Wait Until Page Contains" library="SeleniumLibrary">
<doc>Waits until ``text`` appears on the current page.</doc>
<arguments>
<arg>Handla billig mat online</arg>
</arguments>
<status status="PASS" starttime="20210219 00:42:04.283" endtime="20210219 00:42:04.492"></status>
</kw>
<kw name="Input Text" library="SeleniumLibrary">
<doc>Types the given ``text`` into the text field identified by ``locator``.</doc>
<arguments>
<arg>id=selenium--search-items-input</arg>
<arg>Felix</arg>
</arguments>
<msg timestamp="20210219 00:42:04.493" level="INFO">Typing text 'Felix' into text field 'id=selenium--search-items-input'.</msg>
<status status="PASS" starttime="20210219 00:42:04.493" endtime="20210219 00:42:05.050"></status>
</kw>
<kw name="Press Keys" library="SeleniumLibrary">
<doc>Simulates the user pressing key(s) to an element or on the active browser.</doc>
<arguments>
<arg>xpath://*[@id="selenium--search-items-input"]</arg>
<arg>RETURN</arg>
</arguments>
<msg timestamp="20210219 00:42:05.052" level="INFO">Sending key(s) ('RETURN',) to xpath://*[@id="selenium--search-items-input"] element.</msg>
<msg timestamp="20210219 00:42:05.646" level="INFO">Pressing special key RETURN to element.</msg>
<msg timestamp="20210219 00:42:05.647" level="INFO">Releasing special key RETURN.</msg>
<status status="PASS" starttime="20210219 00:42:05.051" endtime="20210219 00:42:05.675"></status>
</kw>
<kw name="Wait Until Page Contains" library="SeleniumLibrary">
<doc>Waits until ``text`` appears on the current page.</doc>
<arguments>
<arg>Sökord:Felix</arg>
</arguments>
<kw name="Capture Page Screenshot" library="SeleniumLibrary">
<doc>Takes a screenshot of the current page and embeds it into a log file.</doc>
<msg timestamp="20210219 00:42:11.177" level="INFO" html="yes">&lt;/td&gt;&lt;/tr&gt;&lt;tr&gt;&lt;td colspan="3"&gt;&lt;a href="selenium-screenshot-2.png"&gt;&lt;img src="selenium-screenshot-2.png" width="800px"&gt;&lt;/a&gt;</msg>
<status status="PASS" starttime="20210219 00:42:10.847" endtime="20210219 00:42:11.177"></status>
</kw>
<msg timestamp="20210219 00:42:11.180" level="FAIL">Text 'Sökord:Felix' did not appear in 5 seconds.</msg>
<status status="FAIL" starttime="20210219 00:42:05.677" endtime="20210219 00:42:11.180"></status>
</kw>
<doc>This is some basic info about the test</doc>
<tags>
<tag>Test 1</tag>
</tags>
<status status="FAIL" starttime="20210219 00:41:56.915" endtime="20210219 00:42:11.181" critical="yes">Text 'Sökord:Felix' did not appear in 5 seconds.</status>
</test>
<doc>This is some basic infor about the whole test suite</doc>
<status status="FAIL" starttime="20210219 00:41:56.560" endtime="20210219 00:42:11.183"></status>
</suite>
<status status="FAIL" starttime="20210219 00:41:56.512" endtime="20210219 00:42:11.188"></status>
</suite>
<statistics>
<total>
<stat pass="0" fail="1">Critical Tests</stat>
<stat pass="0" fail="1">All Tests</stat>
</total>
<tag>
<stat pass="0" fail="1">Test 1</stat>
</tag>
<suite>
<stat pass="0" fail="1" id="s1" name="Tests">Tests</stat>
<stat pass="0" fail="1" id="s1-s1" name="Webtest">Tests.Webtest</stat>
</suite>
</statistics>
<errors>
</errors>
</robot>
